  [1m[35m (151.9ms)[0m  [1m[35mDROP DATABASE IF EXISTS "reddit_on_rails_development"[0m
  ↳ bin/rails:9
  [1m[35m (126.8ms)[0m  [1m[35mDROP DATABASE IF EXISTS "reddit_on_rails_test"[0m
  ↳ bin/rails:9
  [1m[35m (400.1ms)[0m  [1m[35mCREATE DATABASE "reddit_on_rails_development" ENCODING = 'unicode'[0m
  ↳ bin/rails:9
  [1m[35m (276.8ms)[0m  [1m[35mCREATE DATABASE "reddit_on_rails_test" ENCODING = 'unicode'[0m
  ↳ bin/rails:9
  [1m[35m (187.6ms)[0m  [1m[35mCREATE TABLE "schema_migrations" ("version" character varying NOT NULL PRIMARY KEY)[0m
  ↳ bin/rails:9
  [1m[35m (4.4ms)[0m  [1m[35mCREATE TABLE "ar_internal_metadata" ("key" character varying NOT NULL PRIMARY KEY, "value" character varying, "created_at" timestamp NOT NULL, "updated_at" timestamp NOT NULL)[0m
  ↳ bin/rails:9
  [1m[35m (14.5ms)[0m  [1m[34mSELECT pg_try_advisory_lock(47923286702875395)[0m
  ↳ bin/rails:9
  [1m[35m (1.1ms)[0m  [1m[34mSELECT "schema_migrations"."version" FROM "schema_migrations" ORDER BY "schema_migrations"."version" ASC[0m
  ↳ bin/rails:9
Migrating to CreateUsers (20180918181533)
  [1m[35m (0.3ms)[0m  [1m[35mBEGIN[0m
  ↳ bin/rails:9
  [1m[35m (24.3ms)[0m  [1m[35mCREATE TABLE "users" ("id" bigserial primary key, "username" character varying NOT NULL, "password_digest" character varying NOT NULL, "session_token" character varying NOT NULL, "created_at" timestamp NOT NULL, "updated_at" timestamp NOT NULL)[0m
  ↳ db/migrate/20180918181533_create_users.rb:3
  [1m[35m (1.8ms)[0m  [1m[35mCREATE  INDEX  "index_users_on_username" ON "users"  ("username")[0m
  ↳ db/migrate/20180918181533_create_users.rb:10
  [1m[36mActiveRecord::SchemaMigration Create (0.6ms)[0m  [1m[32mINSERT INTO "schema_migrations" ("version") VALUES ($1) RETURNING "version"[0m  [["version", "20180918181533"]]
  ↳ bin/rails:9
  [1m[35m (0.7ms)[0m  [1m[35mCOMMIT[0m
  ↳ bin/rails:9
  [1m[36mActiveRecord::InternalMetadata Load (1.4ms)[0m  [1m[34mSELECT  "ar_internal_metadata".* FROM "ar_internal_metadata" WHERE "ar_internal_metadata"."key" = $1 LIMIT $2[0m  [["key", "environment"], ["LIMIT", 1]]
  ↳ bin/rails:9
  [1m[35m (0.2ms)[0m  [1m[35mBEGIN[0m
  ↳ bin/rails:9
  [1m[36mActiveRecord::InternalMetadata Create (0.6ms)[0m  [1m[32mINSERT INTO "ar_internal_metadata" ("key", "value", "created_at", "updated_at") VALUES ($1, $2, $3, $4) RETURNING "key"[0m  [["key", "environment"], ["value", "development"], ["created_at", "2018-09-18 18:16:54.802460"], ["updated_at", "2018-09-18 18:16:54.802460"]]
  ↳ bin/rails:9
  [1m[35m (0.6ms)[0m  [1m[35mCOMMIT[0m
  ↳ bin/rails:9
  [1m[35m (0.3ms)[0m  [1m[34mSELECT pg_advisory_unlock(47923286702875395)[0m
  ↳ bin/rails:9
  [1m[35m (0.6ms)[0m  [1m[34mSELECT "schema_migrations"."version" FROM "schema_migrations" ORDER BY "schema_migrations"."version" ASC[0m
  ↳ bin/rails:9
  [1m[35m (0.9ms)[0m  [1m[34mSELECT "schema_migrations"."version" FROM "schema_migrations" ORDER BY "schema_migrations"."version" ASC[0m
  ↳ /usr/local/var/rbenv/versions/2.5.0/bin/annotate:23
Started GET "/users/new" for 127.0.0.1 at 2018-09-18 11:45:41 -0700
  [1m[35m (1.1ms)[0m  [1m[34mSELECT "schema_migrations"."version" FROM "schema_migrations" ORDER BY "schema_migrations"."version" ASC[0m
  ↳ /usr/local/var/rbenv/versions/2.5.0/lib/ruby/gems/2.5.0/gems/activerecord-5.2.1/lib/active_record/log_subscriber.rb:98
Processing by UsersController#new as HTML
  Rendering users/new.html.erb within layouts/application
  Rendered users/new.html.erb within layouts/application (3.4ms)
  Rendered shared/_errors.html.erb (1.0ms)
Completed 200 OK in 1146ms (Views: 1074.3ms | ActiveRecord: 31.5ms)


Started GET "/" for 127.0.0.1 at 2018-09-18 11:45:45 -0700
Processing by Rails::WelcomeController#index as HTML
  Rendering /usr/local/var/rbenv/versions/2.5.0/lib/ruby/gems/2.5.0/gems/railties-5.2.1/lib/rails/templates/rails/welcome/index.html.erb
  Rendered /usr/local/var/rbenv/versions/2.5.0/lib/ruby/gems/2.5.0/gems/railties-5.2.1/lib/rails/templates/rails/welcome/index.html.erb (5.4ms)
Completed 200 OK in 17ms (Views: 11.8ms | ActiveRecord: 0.0ms)


Started GET "/users/new" for 127.0.0.1 at 2018-09-18 11:45:49 -0700
Processing by UsersController#new as HTML
  Rendering users/new.html.erb within layouts/application
  Rendered users/new.html.erb within layouts/application (0.4ms)
  Rendered shared/_errors.html.erb (0.5ms)
Completed 200 OK in 113ms (Views: 111.1ms | ActiveRecord: 0.0ms)


Started GET "/users/new" for 127.0.0.1 at 2018-09-18 11:46:02 -0700
Processing by UsersController#new as HTML
  Rendering users/new.html.erb within layouts/application
  Rendered users/_form.html.erb (1.1ms)
  Rendered users/new.html.erb within layouts/application (35.6ms)
  Rendered shared/_errors.html.erb (1.0ms)
Completed 200 OK in 105ms (Views: 103.5ms | ActiveRecord: 0.0ms)


Started POST "/users" for 127.0.0.1 at 2018-09-18 11:46:27 -0700
Processing by UsersController#create as HTML
  Parameters: {"authenticity_token"=>"JZSb7/+Sq0bBOEHsqXPYvljFxr11W58/in8iDtE1mrAGEy2ZEAjVRX8ZFP3Jq1Ij2M5Ol5c9d58tSHUkWjWwwQ==", "user"=>{"username"=>"amandashow", "password"=>"[FILTERED]"}}
  [1m[35m (0.3ms)[0m  [1m[35mBEGIN[0m
  ↳ app/controllers/users_controller.rb:11
  [1m[36mUser Create (26.4ms)[0m  [1m[32mINSERT INTO "users" ("username", "password_digest", "session_token", "created_at", "updated_at") VALUES ($1, $2, $3, $4, $5) RETURNING "id"[0m  [["username", "amandashow"], ["password_digest", "$2a$10$1DVH1OZSMLTCXqvF4uKdZul9ZJ68ANdhsKy9Z2mcUpg/mKjElJJQW"], ["session_token", "B4ErP0F1oz7DkAKs91flog"], ["created_at", "2018-09-18 18:46:27.143341"], ["updated_at", "2018-09-18 18:46:27.143341"]]
  ↳ app/controllers/users_controller.rb:11
  [1m[35m (7.6ms)[0m  [1m[35mCOMMIT[0m
  ↳ app/controllers/users_controller.rb:11
  [1m[35m (0.2ms)[0m  [1m[35mBEGIN[0m
  ↳ app/models/user.rb:48
  [1m[36mUser Update (1.1ms)[0m  [1m[33mUPDATE "users" SET "session_token" = $1, "updated_at" = $2 WHERE "users"."id" = $3[0m  [["session_token", "PWGT1K-6_SWFxFsjZ8PqiQ"], ["updated_at", "2018-09-18 18:46:27.180825"], ["id", 1]]
  ↳ app/models/user.rb:48
  [1m[35m (0.5ms)[0m  [1m[35mCOMMIT[0m
  ↳ app/models/user.rb:48
Redirected to http://localhost:3000/users/1
Completed 302 Found in 167ms (ActiveRecord: 36.0ms)


Started GET "/users/1" for 127.0.0.1 at 2018-09-18 11:46:27 -0700
Processing by UsersController#show as HTML
  Parameters: {"id"=>"1"}
  [1m[36mUser Load (0.5ms)[0m  [1m[34mSELECT  "users".* FROM "users" WHERE "users"."id" = $1 LIMIT $2[0m  [["id", 1], ["LIMIT", 1]]
  ↳ app/controllers/users_controller.rb:31
  Rendering users/show.html.erb within layouts/application
  Rendered users/show.html.erb within layouts/application (1.1ms)
  Rendered shared/_errors.html.erb (1.6ms)
Completed 200 OK in 77ms (Views: 59.8ms | ActiveRecord: 0.7ms)


Started GET "/session/new" for 127.0.0.1 at 2018-09-18 11:46:39 -0700
Processing by SessionsController#new as HTML
  Rendering sessions/new.html.erb within layouts/application
  Rendered users/_form.html.erb (1.2ms)
  Rendered sessions/new.html.erb within layouts/application (4.2ms)
  Rendered shared/_errors.html.erb (0.8ms)
Completed 200 OK in 41ms (Views: 40.4ms | ActiveRecord: 0.0ms)


Started POST "/session" for 127.0.0.1 at 2018-09-18 11:46:45 -0700
Processing by SessionsController#create as HTML
  Parameters: {"authenticity_token"=>"b8DYBc5xNyKMZNYPzPPetrSH1VH8/GhY2QOpRKAGem5MR25zIetJITJFgx6sK1QrNIxdex6agPh+NP5uKwZQHw==", "user"=>{"username"=>"amandashow", "password"=>"[FILTERED]"}}
  [1m[36mUser Load (0.4ms)[0m  [1m[34mSELECT  "users".* FROM "users" WHERE "users"."username" = $1 LIMIT $2[0m  [["username", "amandashow"], ["LIMIT", 1]]
  ↳ app/models/user.rb:30
  [1m[35m (0.2ms)[0m  [1m[35mBEGIN[0m
  ↳ app/models/user.rb:48
  [1m[36mUser Update (0.5ms)[0m  [1m[33mUPDATE "users" SET "session_token" = $1, "updated_at" = $2 WHERE "users"."id" = $3[0m  [["session_token", "DLnv9KHajmXai6t0LTkL_g"], ["updated_at", "2018-09-18 18:46:45.909200"], ["id", 1]]
  ↳ app/models/user.rb:48
  [1m[35m (0.6ms)[0m  [1m[35mCOMMIT[0m
  ↳ app/models/user.rb:48
Redirected to http://localhost:3000/users/1
Completed 302 Found in 87ms (ActiveRecord: 1.8ms)


Started GET "/users/1" for 127.0.0.1 at 2018-09-18 11:46:45 -0700
Processing by UsersController#show as HTML
  Parameters: {"id"=>"1"}
  [1m[36mUser Load (0.8ms)[0m  [1m[34mSELECT  "users".* FROM "users" WHERE "users"."id" = $1 LIMIT $2[0m  [["id", 1], ["LIMIT", 1]]
  ↳ app/controllers/users_controller.rb:31
  Rendering users/show.html.erb within layouts/application
  Rendered users/show.html.erb within layouts/application (0.4ms)
  Rendered shared/_errors.html.erb (0.4ms)
Completed 200 OK in 34ms (Views: 32.5ms | ActiveRecord: 0.8ms)


Started GET "/users/1" for 127.0.0.1 at 2018-09-18 11:49:37 -0700
Processing by UsersController#show as HTML
  Parameters: {"id"=>"1"}
  [1m[36mUser Load (0.6ms)[0m  [1m[34mSELECT  "users".* FROM "users" WHERE "users"."id" = $1 LIMIT $2[0m  [["id", 1], ["LIMIT", 1]]
  ↳ app/controllers/users_controller.rb:31
  Rendering users/show.html.erb within layouts/application
  Rendered users/show.html.erb within layouts/application (0.6ms)
  Rendered shared/_errors.html.erb (1.3ms)
  [1m[36mUser Load (0.4ms)[0m  [1m[34mSELECT  "users".* FROM "users" WHERE "users"."session_token" = $1 LIMIT $2[0m  [["session_token", "DLnv9KHajmXai6t0LTkL_g"], ["LIMIT", 1]]
  ↳ app/controllers/application_controller.rb:14
Completed 200 OK in 40ms (Views: 37.7ms | ActiveRecord: 0.9ms)


Started GET "/users/1" for 127.0.0.1 at 2018-09-18 11:52:43 -0700
Processing by UsersController#show as HTML
  Parameters: {"id"=>"1"}
  [1m[36mUser Load (0.4ms)[0m  [1m[34mSELECT  "users".* FROM "users" WHERE "users"."id" = $1 LIMIT $2[0m  [["id", 1], ["LIMIT", 1]]
  ↳ app/controllers/users_controller.rb:31
  Rendering users/show.html.erb within layouts/application
  Rendered users/show.html.erb within layouts/application (0.4ms)
  Rendered shared/_errors.html.erb (0.4ms)
  [1m[36mUser Load (0.4ms)[0m  [1m[34mSELECT  "users".* FROM "users" WHERE "users"."session_token" = $1 LIMIT $2[0m  [["session_token", "DLnv9KHajmXai6t0LTkL_g"], ["LIMIT", 1]]
  ↳ app/controllers/application_controller.rb:14
Completed 200 OK in 27ms (Views: 24.8ms | ActiveRecord: 0.8ms)


Started DELETE "/session" for 127.0.0.1 at 2018-09-18 11:52:45 -0700
Processing by SessionsController#destroy as HTML
  Parameters: {"authenticity_token"=>"SCy1T0X5L66ODTEx3TcvjElJfkPNjvfzDzrLFBqKmpJrqwM5qmNRrTAsZCC976URyUL2aS/oH1OoDZw+kYqw4w=="}
  [1m[36mUser Load (0.4ms)[0m  [1m[34mSELECT  "users".* FROM "users" WHERE "users"."session_token" = $1 LIMIT $2[0m  [["session_token", "DLnv9KHajmXai6t0LTkL_g"], ["LIMIT", 1]]
  ↳ app/controllers/application_controller.rb:14
  [1m[35m (0.2ms)[0m  [1m[35mBEGIN[0m
  ↳ app/models/user.rb:48
  [1m[36mUser Update (0.5ms)[0m  [1m[33mUPDATE "users" SET "session_token" = $1, "updated_at" = $2 WHERE "users"."id" = $3[0m  [["session_token", "iNGkL5A2_C6-hrQSwIA7Gg"], ["updated_at", "2018-09-18 18:52:45.337540"], ["id", 1]]
  ↳ app/models/user.rb:48
  [1m[35m (0.5ms)[0m  [1m[35mCOMMIT[0m
  ↳ app/models/user.rb:48
Redirected to http://localhost:3000/session/new
Completed 302 Found in 5ms (ActiveRecord: 1.6ms)


Started GET "/session/new" for 127.0.0.1 at 2018-09-18 11:52:45 -0700
Processing by SessionsController#new as HTML
  Rendering sessions/new.html.erb within layouts/application
  Rendered users/_form.html.erb (0.5ms)
  Rendered sessions/new.html.erb within layouts/application (2.4ms)
  Rendered shared/_errors.html.erb (0.4ms)
  [1m[36mUser Load (0.6ms)[0m  [1m[34mSELECT  "users".* FROM "users" WHERE "users"."session_token" IS NULL LIMIT $1[0m  [["LIMIT", 1]]
  ↳ app/controllers/application_controller.rb:14
Completed 200 OK in 27ms (Views: 26.0ms | ActiveRecord: 0.6ms)


Started GET "/session/new" for 127.0.0.1 at 2018-09-18 11:52:46 -0700
Processing by SessionsController#new as HTML
  Rendering sessions/new.html.erb within layouts/application
  Rendered users/_form.html.erb (1.0ms)
  Rendered sessions/new.html.erb within layouts/application (3.7ms)
  Rendered shared/_errors.html.erb (0.4ms)
  [1m[36mUser Load (0.5ms)[0m  [1m[34mSELECT  "users".* FROM "users" WHERE "users"."session_token" IS NULL LIMIT $1[0m  [["LIMIT", 1]]
  ↳ app/controllers/application_controller.rb:14
Completed 200 OK in 41ms (Views: 40.2ms | ActiveRecord: 0.5ms)


Started GET "/session/new" for 127.0.0.1 at 2018-09-18 11:52:48 -0700
Processing by SessionsController#new as HTML
  Rendering sessions/new.html.erb within layouts/application
  Rendered users/_form.html.erb (0.7ms)
  Rendered sessions/new.html.erb within layouts/application (3.1ms)
  Rendered shared/_errors.html.erb (0.9ms)
  [1m[36mUser Load (0.5ms)[0m  [1m[34mSELECT  "users".* FROM "users" WHERE "users"."session_token" IS NULL LIMIT $1[0m  [["LIMIT", 1]]
  ↳ app/controllers/application_controller.rb:14
Completed 200 OK in 36ms (Views: 35.0ms | ActiveRecord: 0.5ms)


Started GET "/session/new" for 127.0.0.1 at 2018-09-18 11:52:49 -0700
Processing by SessionsController#new as HTML
  Rendering sessions/new.html.erb within layouts/application
  Rendered users/_form.html.erb (0.8ms)
  Rendered sessions/new.html.erb within layouts/application (4.3ms)
  Rendered shared/_errors.html.erb (0.4ms)
  [1m[36mUser Load (0.4ms)[0m  [1m[34mSELECT  "users".* FROM "users" WHERE "users"."session_token" IS NULL LIMIT $1[0m  [["LIMIT", 1]]
  ↳ app/controllers/application_controller.rb:14
Completed 200 OK in 35ms (Views: 33.7ms | ActiveRecord: 0.4ms)


Started GET "/session/new" for 127.0.0.1 at 2018-09-18 11:52:49 -0700
Processing by SessionsController#new as HTML
  Rendering sessions/new.html.erb within layouts/application
  Rendered users/_form.html.erb (0.7ms)
  Rendered sessions/new.html.erb within layouts/application (4.1ms)
  Rendered shared/_errors.html.erb (0.6ms)
  [1m[36mUser Load (0.5ms)[0m  [1m[34mSELECT  "users".* FROM "users" WHERE "users"."session_token" IS NULL LIMIT $1[0m  [["LIMIT", 1]]
  ↳ app/controllers/application_controller.rb:14
Completed 200 OK in 35ms (Views: 33.6ms | ActiveRecord: 0.5ms)


Started GET "/session/new" for 127.0.0.1 at 2018-09-18 11:52:49 -0700
Processing by SessionsController#new as HTML
  Rendering sessions/new.html.erb within layouts/application
  Rendered users/_form.html.erb (0.8ms)
  Rendered sessions/new.html.erb within layouts/application (4.6ms)
  Rendered shared/_errors.html.erb (0.5ms)
  [1m[36mUser Load (0.5ms)[0m  [1m[34mSELECT  "users".* FROM "users" WHERE "users"."session_token" IS NULL LIMIT $1[0m  [["LIMIT", 1]]
  ↳ app/controllers/application_controller.rb:14
Completed 200 OK in 41ms (Views: 39.5ms | ActiveRecord: 0.5ms)


Started GET "/session/new" for 127.0.0.1 at 2018-09-18 11:52:49 -0700
Processing by SessionsController#new as HTML
  Rendering sessions/new.html.erb within layouts/application
  Rendered users/_form.html.erb (0.7ms)
  Rendered sessions/new.html.erb within layouts/application (4.6ms)
  Rendered shared/_errors.html.erb (0.4ms)
  [1m[36mUser Load (0.5ms)[0m  [1m[34mSELECT  "users".* FROM "users" WHERE "users"."session_token" IS NULL LIMIT $1[0m  [["LIMIT", 1]]
  ↳ app/controllers/application_controller.rb:14
Completed 200 OK in 40ms (Views: 38.6ms | ActiveRecord: 0.5ms)


Started GET "/session/new" for 127.0.0.1 at 2018-09-18 11:52:50 -0700
Processing by SessionsController#new as HTML
  Rendering sessions/new.html.erb within layouts/application
  Rendered users/_form.html.erb (0.7ms)
  Rendered sessions/new.html.erb within layouts/application (4.9ms)
  Rendered shared/_errors.html.erb (0.4ms)
  [1m[36mUser Load (0.6ms)[0m  [1m[34mSELECT  "users".* FROM "users" WHERE "users"."session_token" IS NULL LIMIT $1[0m  [["LIMIT", 1]]
  ↳ app/controllers/application_controller.rb:14
Completed 200 OK in 34ms (Views: 32.8ms | ActiveRecord: 0.6ms)


Started GET "/session/new" for 127.0.0.1 at 2018-09-18 11:52:50 -0700
Processing by SessionsController#new as HTML
  Rendering sessions/new.html.erb within layouts/application
  Rendered users/_form.html.erb (0.6ms)
  Rendered sessions/new.html.erb within layouts/application (3.2ms)
  Rendered shared/_errors.html.erb (0.4ms)
  [1m[36mUser Load (0.5ms)[0m  [1m[34mSELECT  "users".* FROM "users" WHERE "users"."session_token" IS NULL LIMIT $1[0m  [["LIMIT", 1]]
  ↳ app/controllers/application_controller.rb:14
Completed 200 OK in 32ms (Views: 31.0ms | ActiveRecord: 0.5ms)


Started GET "/session/new" for 127.0.0.1 at 2018-09-18 11:52:50 -0700
Processing by SessionsController#new as HTML
  Rendering sessions/new.html.erb within layouts/application
  Rendered users/_form.html.erb (0.7ms)
  Rendered sessions/new.html.erb within layouts/application (3.4ms)
  Rendered shared/_errors.html.erb (0.4ms)
  [1m[36mUser Load (0.5ms)[0m  [1m[34mSELECT  "users".* FROM "users" WHERE "users"."session_token" IS NULL LIMIT $1[0m  [["LIMIT", 1]]
  ↳ app/controllers/application_controller.rb:14
Completed 200 OK in 36ms (Views: 34.8ms | ActiveRecord: 0.5ms)


Started GET "/session/new" for 127.0.0.1 at 2018-09-18 11:52:50 -0700
Processing by SessionsController#new as HTML
  Rendering sessions/new.html.erb within layouts/application
  Rendered users/_form.html.erb (0.9ms)
  Rendered sessions/new.html.erb within layouts/application (5.3ms)
  Rendered shared/_errors.html.erb (0.5ms)
  [1m[36mUser Load (0.5ms)[0m  [1m[34mSELECT  "users".* FROM "users" WHERE "users"."session_token" IS NULL LIMIT $1[0m  [["LIMIT", 1]]
  ↳ app/controllers/application_controller.rb:14
Completed 200 OK in 43ms (Views: 42.1ms | ActiveRecord: 0.5ms)


  [1m[35m (0.3ms)[0m  [1m[34mSELECT pg_try_advisory_lock(47923286702875395)[0m
  ↳ bin/rails:9
  [1m[35m (0.9ms)[0m  [1m[34mSELECT "schema_migrations"."version" FROM "schema_migrations" ORDER BY "schema_migrations"."version" ASC[0m
  ↳ bin/rails:9
Migrating to CreateSubs (20180918185418)
  [1m[35m (0.3ms)[0m  [1m[35mBEGIN[0m
  ↳ bin/rails:9
  [1m[35m (6.1ms)[0m  [1m[35mCREATE TABLE "subs" ("id" bigserial primary key, "title" character varying NOT NULL, "description" text NOT NULL, "moderator_id" integer NOT NULL, "created_at" timestamp NOT NULL, "updated_at" timestamp NOT NULL)[0m
  ↳ db/migrate/20180918185418_create_subs.rb:3
  [1m[35m (1.5ms)[0m  [1m[35mCREATE  INDEX  "index_subs_on_moderator_id" ON "subs"  ("moderator_id")[0m
  ↳ db/migrate/20180918185418_create_subs.rb:10
  [1m[36mActiveRecord::SchemaMigration Create (0.5ms)[0m  [1m[32mINSERT INTO "schema_migrations" ("version") VALUES ($1) RETURNING "version"[0m  [["version", "20180918185418"]]
  ↳ bin/rails:9
  [1m[35m (1.2ms)[0m  [1m[35mCOMMIT[0m
  ↳ bin/rails:9
Migrating to CreatePosts (20180918185507)
  [1m[35m (0.3ms)[0m  [1m[35mBEGIN[0m
  ↳ bin/rails:9
  [1m[35m (17.2ms)[0m  [1m[35mCREATE TABLE "posts" ("id" bigserial primary key, "title" character varying NOT NULL, "url" character varying, "content" text, "sub_id" integer NOT NULL, "author_id" integer NOT NULL, "created_at" timestamp NOT NULL, "updated_at" timestamp NOT NULL)[0m
  ↳ db/migrate/20180918185507_create_posts.rb:3
  [1m[35m (9.1ms)[0m  [1m[35mCREATE  INDEX  "index_posts_on_sub_id" ON "posts"  ("sub_id")[0m
  ↳ db/migrate/20180918185507_create_posts.rb:12
  [1m[35m (1.5ms)[0m  [1m[35mCREATE  INDEX  "index_posts_on_author_id" ON "posts"  ("author_id")[0m
  ↳ db/migrate/20180918185507_create_posts.rb:13
  [1m[36mActiveRecord::SchemaMigration Create (0.9ms)[0m  [1m[32mINSERT INTO "schema_migrations" ("version") VALUES ($1) RETURNING "version"[0m  [["version", "20180918185507"]]
  ↳ bin/rails:9
  [1m[35m (0.7ms)[0m  [1m[35mCOMMIT[0m
  ↳ bin/rails:9
  [1m[36mActiveRecord::InternalMetadata Load (0.7ms)[0m  [1m[34mSELECT  "ar_internal_metadata".* FROM "ar_internal_metadata" WHERE "ar_internal_metadata"."key" = $1 LIMIT $2[0m  [["key", "environment"], ["LIMIT", 1]]
  ↳ bin/rails:9
  [1m[35m (0.9ms)[0m  [1m[35mBEGIN[0m
  ↳ bin/rails:9
  [1m[35m (2.1ms)[0m  [1m[35mCOMMIT[0m
  ↳ bin/rails:9
  [1m[35m (2.1ms)[0m  [1m[34mSELECT pg_advisory_unlock(47923286702875395)[0m
  ↳ bin/rails:9
  [1m[35m (8.4ms)[0m  [1m[34mSELECT "schema_migrations"."version" FROM "schema_migrations" ORDER BY "schema_migrations"."version" ASC[0m
  ↳ bin/rails:9
  [1m[35m (1.5ms)[0m  [1m[34mSELECT "schema_migrations"."version" FROM "schema_migrations" ORDER BY "schema_migrations"."version" ASC[0m
  ↳ /usr/local/var/rbenv/versions/2.5.0/bin/annotate:23
